<?xml version="1.0" encoding="UTF-8"?>
<testsuite xmlns:xsi="http://www.w3.org/2001/XMLSchema-instance" xsi:noNamespaceSchemaLocation="https://maven.apache.org/surefire/maven-surefire-plugin/xsd/surefire-test-report.xsd" name="org.ambpro.katatennis.tests.PlayTennisTest" time="0.1" tests="15" errors="0" skipped="0" failures="0">
  <properties>
    <property name="gopherProxySet" value="false"/>
    <property name="awt.toolkit" value="sun.lwawt.macosx.LWCToolkit"/>
    <property name="file.encoding.pkg" value="sun.io"/>
    <property name="java.specification.version" value="1.8"/>
    <property name="sun.cpu.isalist" value=""/>
    <property name="sun.jnu.encoding" value="UTF-8"/>
    <property name="java.class.path" value="/Users/aminboudeffa/Documents/work/development/Kata-Tennis/katatennis/target/test-classes:/Users/aminboudeffa/Documents/work/development/Kata-Tennis/katatennis/target/classes:/Users/aminboudeffa/.m2/repository/org/junit/jupiter/junit-jupiter-api/5.4.2/junit-jupiter-api-5.4.2.jar:/Users/aminboudeffa/.m2/repository/org/apiguardian/apiguardian-api/1.0.0/apiguardian-api-1.0.0.jar:/Users/aminboudeffa/.m2/repository/org/opentest4j/opentest4j/1.1.1/opentest4j-1.1.1.jar:/Users/aminboudeffa/.m2/repository/org/junit/platform/junit-platform-commons/1.4.2/junit-platform-commons-1.4.2.jar:/Users/aminboudeffa/.m2/repository/org/junit/jupiter/junit-jupiter-engine/5.4.2/junit-jupiter-engine-5.4.2.jar:/Users/aminboudeffa/.m2/repository/org/junit/platform/junit-platform-engine/1.4.2/junit-platform-engine-1.4.2.jar:/Users/aminboudeffa/.m2/repository/org/junit/jupiter/junit-jupiter-params/5.4.2/junit-jupiter-params-5.4.2.jar:/Users/aminboudeffa/.m2/repository/org/apache/commons/commons-lang3/3.8.1/commons-lang3-3.8.1.jar:"/>
    <property name="java.vm.vendor" value="AdoptOpenJDK"/>
    <property name="sun.arch.data.model" value="64"/>
    <property name="java.vendor.url" value="http://java.oracle.com/"/>
    <property name="user.timezone" value=""/>
    <property name="java.vm.specification.version" value="1.8"/>
    <property name="os.name" value="Mac OS X"/>
    <property name="user.country" value="FR"/>
    <property name="sun.java.launcher" value="SUN_STANDARD"/>
    <property name="sun.boot.library.path" value="/Library/Java/JavaVirtualMachines/adoptopenjdk-8.jdk/Contents/Home/jre/lib"/>
    <property name="sun.java.command" value="/Users/aminboudeffa/Documents/work/development/Kata-Tennis/katatennis/target/surefire/surefirebooter5949340952751566752.jar /Users/aminboudeffa/Documents/work/development/Kata-Tennis/katatennis/target/surefire 2020-03-04T21-49-52_579-jvmRun1 surefire7848955661251695238tmp surefire_01278836664955761212tmp"/>
    <property name="http.nonProxyHosts" value="local|*.local|169.254/16|*.169.254/16"/>
    <property name="surefire.test.class.path" value="/Users/aminboudeffa/Documents/work/development/Kata-Tennis/katatennis/target/test-classes:/Users/aminboudeffa/Documents/work/development/Kata-Tennis/katatennis/target/classes:/Users/aminboudeffa/.m2/repository/org/junit/jupiter/junit-jupiter-api/5.4.2/junit-jupiter-api-5.4.2.jar:/Users/aminboudeffa/.m2/repository/org/apiguardian/apiguardian-api/1.0.0/apiguardian-api-1.0.0.jar:/Users/aminboudeffa/.m2/repository/org/opentest4j/opentest4j/1.1.1/opentest4j-1.1.1.jar:/Users/aminboudeffa/.m2/repository/org/junit/platform/junit-platform-commons/1.4.2/junit-platform-commons-1.4.2.jar:/Users/aminboudeffa/.m2/repository/org/junit/jupiter/junit-jupiter-engine/5.4.2/junit-jupiter-engine-5.4.2.jar:/Users/aminboudeffa/.m2/repository/org/junit/platform/junit-platform-engine/1.4.2/junit-platform-engine-1.4.2.jar:/Users/aminboudeffa/.m2/repository/org/junit/jupiter/junit-jupiter-params/5.4.2/junit-jupiter-params-5.4.2.jar:/Users/aminboudeffa/.m2/repository/org/apache/commons/commons-lang3/3.8.1/commons-lang3-3.8.1.jar:"/>
    <property name="sun.cpu.endian" value="little"/>
    <property name="user.home" value="/Users/aminboudeffa"/>
    <property name="user.language" value="en"/>
    <property name="java.specification.vendor" value="Oracle Corporation"/>
    <property name="java.home" value="/Library/Java/JavaVirtualMachines/adoptopenjdk-8.jdk/Contents/Home/jre"/>
    <property name="basedir" value="/Users/aminboudeffa/Documents/work/development/Kata-Tennis/katatennis"/>
    <property name="file.separator" value="/"/>
    <property name="line.separator" value="&#10;"/>
    <property name="java.vm.specification.vendor" value="Oracle Corporation"/>
    <property name="java.specification.name" value="Java Platform API Specification"/>
    <property name="java.awt.graphicsenv" value="sun.awt.CGraphicsEnvironment"/>
    <property name="surefire.real.class.path" value="/Users/aminboudeffa/Documents/work/development/Kata-Tennis/katatennis/target/surefire/surefirebooter5949340952751566752.jar"/>
    <property name="sun.boot.class.path" value="/Library/Java/JavaVirtualMachines/adoptopenjdk-8.jdk/Contents/Home/jre/lib/resources.jar:/Library/Java/JavaVirtualMachines/adoptopenjdk-8.jdk/Contents/Home/jre/lib/rt.jar:/Library/Java/JavaVirtualMachines/adoptopenjdk-8.jdk/Contents/Home/jre/lib/sunrsasign.jar:/Library/Java/JavaVirtualMachines/adoptopenjdk-8.jdk/Contents/Home/jre/lib/jsse.jar:/Library/Java/JavaVirtualMachines/adoptopenjdk-8.jdk/Contents/Home/jre/lib/jce.jar:/Library/Java/JavaVirtualMachines/adoptopenjdk-8.jdk/Contents/Home/jre/lib/charsets.jar:/Library/Java/JavaVirtualMachines/adoptopenjdk-8.jdk/Contents/Home/jre/lib/jfr.jar:/Library/Java/JavaVirtualMachines/adoptopenjdk-8.jdk/Contents/Home/jre/classes"/>
    <property name="sun.management.compiler" value="HotSpot 64-Bit Tiered Compilers"/>
    <property name="ftp.nonProxyHosts" value="local|*.local|169.254/16|*.169.254/16"/>
    <property name="java.runtime.version" value="1.8.0_212-b03"/>
    <property name="user.name" value="aminboudeffa"/>
    <property name="path.separator" value=":"/>
    <property name="os.version" value="10.15.3"/>
    <property name="java.endorsed.dirs" value="/Library/Java/JavaVirtualMachines/adoptopenjdk-8.jdk/Contents/Home/jre/lib/endorsed"/>
    <property name="java.runtime.name" value="OpenJDK Runtime Environment"/>
    <property name="file.encoding" value="UTF-8"/>
    <property name="java.vm.name" value="OpenJDK 64-Bit Server VM"/>
    <property name="localRepository" value="/Users/aminboudeffa/.m2/repository"/>
    <property name="java.vendor.url.bug" value="http://bugreport.sun.com/bugreport/"/>
    <property name="java.io.tmpdir" value="/var/folders/dp/nvg6_6qj5j1fycp5c3xl6nmr0000gn/T/"/>
    <property name="java.version" value="1.8.0_212"/>
    <property name="user.dir" value="/Users/aminboudeffa/Documents/work/development/Kata-Tennis/katatennis"/>
    <property name="os.arch" value="x86_64"/>
    <property name="java.vm.specification.name" value="Java Virtual Machine Specification"/>
    <property name="java.awt.printerjob" value="sun.lwawt.macosx.CPrinterJob"/>
    <property name="sun.os.patch.level" value="unknown"/>
    <property name="java.library.path" value="/Users/aminboudeffa/Library/Java/Extensions:/Library/Java/Extensions:/Network/Library/Java/Extensions:/System/Library/Java/Extensions:/usr/lib/java:."/>
    <property name="java.vm.info" value="mixed mode"/>
    <property name="java.vendor" value="AdoptOpenJDK"/>
    <property name="java.vm.version" value="25.212-b03"/>
    <property name="java.ext.dirs" value="/Users/aminboudeffa/Library/Java/Extensions:/Library/Java/JavaVirtualMachines/adoptopenjdk-8.jdk/Contents/Home/jre/lib/ext:/Library/Java/Extensions:/Network/Library/Java/Extensions:/System/Library/Java/Extensions:/usr/lib/java"/>
    <property name="sun.io.unicode.encoding" value="UnicodeBig"/>
    <property name="java.class.version" value="52.0"/>
    <property name="socksNonProxyHosts" value="local|*.local|169.254/16|*.169.254/16"/>
  </properties>
  <testcase name="testTennisApplicationLaunchedAfterPlayingInstructionsPlayerKeysIsEnteredShouldDisplayScore" classname="org.ambpro.katatennis.tests.PlayTennisTest" time="0.014"/>
  <testcase name="testTennisApplicationLaunchedDisplayInstructions{int, String}[1]" classname="org.ambpro.katatennis.tests.PlayTennisTest" time="0.016"/>
  <testcase name="testTennisApplicationLaunchedDisplayInstructions{int, String}[2]" classname="org.ambpro.katatennis.tests.PlayTennisTest" time="0.001"/>
  <testcase name="testTennisApplicationLaunchedDisplayInstructions{int, String}[3]" classname="org.ambpro.katatennis.tests.PlayTennisTest" time="0.001"/>
  <testcase name="testTennisApplicationLaunchedDisplayInstructions{int, String}[4]" classname="org.ambpro.katatennis.tests.PlayTennisTest" time="0.001"/>
  <testcase name="testTennisApplicationLaunchedDisplayInstructions{int, String}[5]" classname="org.ambpro.katatennis.tests.PlayTennisTest" time="0.001"/>
  <testcase name="testTennisApplicationLaunchedDisplayInstructions{int, String}[6]" classname="org.ambpro.katatennis.tests.PlayTennisTest" time="0.001"/>
  <testcase name="testTennisApplicationLaunchedAfterPlayingInstructionsPlayerKeysIsEnteredShouldIncreasePlayerScore{int}[1]" classname="org.ambpro.katatennis.tests.PlayTennisTest" time="0"/>
  <testcase name="testTennisApplicationLaunchedAfterPlayingInstructionsPlayerKeysIsEnteredShouldIncreasePlayerScore{int}[2]" classname="org.ambpro.katatennis.tests.PlayTennisTest" time="0.002"/>
  <testcase name="testTennisApplicationLaunchedAfterPlayingInstructionsPlayerKeysIsEnteredShouldIncreasePlayerScore{int}[3]" classname="org.ambpro.katatennis.tests.PlayTennisTest" time="0.001"/>
  <testcase name="testTennisApplicationLaunchedAfterPlayingInstructionsShouldValidateUserInputAndDisplayInvalidInputIfInputInvalid" classname="org.ambpro.katatennis.tests.PlayTennisTest" time="0.001"/>
  <testcase name="testTennisApplicationCanBeLaunched" classname="org.ambpro.katatennis.tests.PlayTennisTest" time="0.001"/>
  <testcase name="testTennisApplicationLaunchedAfterPlayer2NamePromptShouldAssignEntryToSecondPlayerName" classname="org.ambpro.katatennis.tests.PlayTennisTest" time="0.001"/>
  <testcase name="testTennisApplicationLaunchedAfterPlayer1NamePromptShouldAssignEntryToFirstPlayerName" classname="org.ambpro.katatennis.tests.PlayTennisTest" time="0.001"/>
  <testcase name="testTennisApplicationLaunchedAfterPlayingInstructionsPlayer1WinsShouldDisplayScoreAndExit" classname="org.ambpro.katatennis.tests.PlayTennisTest" time="0.001"/>
</testsuite>